<?xml version="1.0" encoding="UTF-8"?>
<testsuite xmlns:xsi="http://www.w3.org/2001/XMLSchema-instance" xsi:noNamespaceSchemaLocation="https://maven.apache.org/surefire/maven-surefire-plugin/xsd/surefire-test-report-3.0.xsd" version="3.0" name="com.example.demo.NoteServiceTest" time="0.149" tests="8" errors="0" skipped="0" failures="0">
  <properties>
[...]
</properties>
  <testcase name="testSaveNoteWithoutContent" classname="com.example.demo.NoteServiceTest" time="0.122"/>
  <testcase name="testFindAll" classname="com.example.demo.NoteServiceTest" time="0.002"/>
  <testcase name="testSave" classname="com.example.demo.NoteServiceTest" time="0.002"/>
  <testcase name="testSaveNoteWithSpecialCharacters" classname="com.example.demo.NoteServiceTest" time="0.002"/>
  <testcase name="testSaveNoteWithoutTitle" classname="com.example.demo.NoteServiceTest" time="0.001"/>
  <testcase name="testFindById" classname="com.example.demo.NoteServiceTest" time="0.002"/>
  <testcase name="testDeleteById" classname="com.example.demo.NoteServiceTest" time="0.008"/>
  <testcase name="testDeleteNonExistentNote" classname="com.example.demo.NoteServiceTest" time="0.004"/>
</testsuite>